-------------------------------------------------------------------------------
Test set: com.Opsfusionn.StreamForge.upload.VideoControllerTest
-------------------------------------------------------------------------------
Tests run: 5, Failures: 0, Errors: 1, Skipped: 0, Time elapsed: 0.312 s <<< FAILURE! -- in com.Opsfusionn.StreamForge.upload.VideoControllerTest
com.Opsfusionn.StreamForge.upload.VideoControllerTest.testDeleteVideo_IOException -- Time elapsed: 0.020 s <<< ERROR!
org.mockito.exceptions.base.MockitoException: 

Checked exception is invalid for this method!
Invalid: java.io.IOException: Failed to delete file.
	at com.Opsfusionn.StreamForge.service.FileStorageService.deleteVideo(FileStorageService.java:176)
	at com.Opsfusionn.StreamForge.upload.VideoControllerTest.testDeleteVideo_IOException(VideoControllerTest.java:91)
	at java.base/java.lang.reflect.Method.invoke(Method.java:580)
	at java.base/java.util.ArrayList.forEach(ArrayList.java:1596)
	at java.base/java.util.ArrayList.forEach(ArrayList.java:1596)

