<?xml version="1.0" encoding="UTF-8"?>
<testsuite xmlns:xsi="http://www.w3.org/2001/XMLSchema-instance" xsi:noNamespaceSchemaLocation="https://maven.apache.org/surefire/maven-surefire-plugin/xsd/surefire-test-report.xsd" version="3.0.2" name="com.Opsfusionn.StreamForge.messaging.VideoProcessingErrorHandlerTest" time="1.514" tests="1" errors="0" skipped="0" failures="0" flakes="0">
  <properties>
[...]
</properties>
  <testcase name="testHandleError_UpdatesVideoToFailed" classname="com.Opsfusionn.StreamForge.messaging.VideoProcessingErrorHandlerTest" time="1.481">
    <system-out><![CDATA[07:29:35.962 [main] ERROR com.Opsfusionn.StreamForge.messaging.VideoProcessingErrorHandler -- Global listener error handler caught exception for video ID 728ef2f2-e949-4672-b70d-bf3aa7317b52: Processing failed
07:29:35.974 [main] INFO com.Opsfusionn.StreamForge.messaging.VideoProcessingErrorHandler -- Video 728ef2f2-e949-4672-b70d-bf3aa7317b52 status updated to FAILED by global error handler
]]></system-out>
    <system-err><![CDATA[Mockito is currently self-attaching to enable the inline-mock-maker. This will no longer work in future releases of the JDK. Please add Mockito as an agent to your build as described in Mockito's documentation: https://javadoc.io/doc/org.mockito/mockito-core/latest/org.mockito/org/mockito/Mockito.html#0.3
WARNING: A Java agent has been loaded dynamically (C:\Users\ALPHA_JUNIOR\.m2\repository\net\bytebuddy\byte-buddy-agent\1.17.8\byte-buddy-agent-1.17.8.jar)
WARNING: If a serviceability tool is in use, please run with -XX:+EnableDynamicAgentLoading to hide this warning
WARNING: If a serviceability tool is not in use, please run with -Djdk.instrument.traceUsage for more information
WARNING: Dynamic loading of agents will be disallowed by default in a future release
]]></system-err>
  </testcase>
</testsuite>