<?xml version="1.0" encoding="UTF-8"?>
<testsuite xmlns:xsi="http://www.w3.org/2001/XMLSchema-instance" xsi:noNamespaceSchemaLocation="https://maven.apache.org/surefire/maven-surefire-plugin/xsd/surefire-test-report.xsd" version="3.0.2" name="com.Opsfusionn.StreamForge.upload.VideoControllerTest" time="0.476" tests="5" errors="0" skipped="0" failures="0" flakes="0">
  <properties>
[...]
</properties>
  <testcase name="testGetVideoById_Success" classname="com.Opsfusionn.StreamForge.upload.VideoControllerTest" time="0.142">
    <system-out><![CDATA[2026-07-02T17:36:35.193Z  INFO 13188 --- [StreamForge] [           main] t.c.s.AnnotationConfigContextLoaderUtils : Could not detect default configuration classes for test class [com.Opsfusionn.StreamForge.upload.VideoControllerTest]: VideoControllerTest does not declare any static, non-private, non-final, nested classes annotated with @Configuration.
2026-07-02T17:36:35.231Z  INFO 13188 --- [StreamForge] [           main] .b.t.c.SpringBootTestContextBootstrapper : Found @SpringBootConfiguration com.Opsfusionn.StreamForge.StreamForgeApplication for test class com.Opsfusionn.StreamForge.upload.VideoControllerTest
2026-07-02T17:36:35.234Z  INFO 13188 --- [StreamForge] [           main] o.s.b.d.r.RestartApplicationListener     : Restart disabled due to context in which it is running

  .   ____          _            __ _ _
 /\\ / ___'_ __ _ _(_)_ __  __ _ \ \ \ \
( ( )\___ | '_ | '_| | '_ \/ _` | \ \ \ \
 \\/  ___)| |_)| | | | | || (_| |  ) ) ) )
  '  |____| .__|_| |_|_| |_\__, | / / / /
 =========|_|==============|___/=/_/_/_/

 :: Spring Boot ::               (v3.5.16)

2026-07-02T17:36:35.256Z  INFO 13188 --- [StreamForge] [           main] c.O.S.upload.VideoControllerTest         : Starting VideoControllerTest using Java 21.0.11 with PID 13188 (started by ALPHA_JUNIOR in C:\Users\ALPHA_JUNIOR\Desktop\StreamForge)
2026-07-02T17:36:35.256Z  INFO 13188 --- [StreamForge] [           main] c.O.S.upload.VideoControllerTest         : No active profile set, falling back to 1 default profile: "default"
2026-07-02T17:36:35.471Z  INFO 13188 --- [StreamForge] [           main] o.s.b.t.m.w.SpringBootMockServletContext : Initializing Spring TestDispatcherServlet ''
2026-07-02T17:36:35.472Z  INFO 13188 --- [StreamForge] [           main] o.s.t.web.servlet.TestDispatcherServlet  : Initializing Servlet ''
2026-07-02T17:36:35.473Z  INFO 13188 --- [StreamForge] [           main] o.s.t.web.servlet.TestDispatcherServlet  : Completed initialization in 0 ms
2026-07-02T17:36:35.482Z  INFO 13188 --- [StreamForge] [           main] c.O.S.upload.VideoControllerTest         : Started VideoControllerTest in 0.248 seconds (process running for 6.294)
]]></system-out>
  </testcase>
  <testcase name="testDeleteVideo_Success" classname="com.Opsfusionn.StreamForge.upload.VideoControllerTest" time="0.004"/>
  <testcase name="testGetVideoById_InvalidFormat" classname="com.Opsfusionn.StreamForge.upload.VideoControllerTest" time="0.014"/>
  <testcase name="testDeleteVideo_IOException" classname="com.Opsfusionn.StreamForge.upload.VideoControllerTest" time="0.01"/>
  <testcase name="testDeleteVideo_NotFound" classname="com.Opsfusionn.StreamForge.upload.VideoControllerTest" time="0.005"/>
</testsuite>